#
# A fatal error has been detected by the Java Runtime Environment:
#
#  SIGSEGV (0xb) at pc=0x0000000106d069f3, pid=88699, tid=0x0000000000004e03
#
# JRE version: Java(TM) SE Runtime Environment (8.0_281-b09) (build 1.8.0_281-b09)
# Java VM: Java HotSpot(TM) 64-Bit Server VM (25.281-b09 mixed mode bsd-amd64 compressed oops)
# Problematic frame:
# V  [libjvm.dylib+0x5069f3]
#
# Failed to write core dump. Core dumps have been disabled. To enable core dumping, try "ulimit -c unlimited" before starting Java again
#
# If you would like to submit a bug report, please visit:
#   http://bugreport.java.com/bugreport/crash.jsp
#

---------------  T H R E A D  ---------------

Current thread (0x00007fd418817000):  VMThread [stack: 0x0000700001a07000,0x0000700001b07000] [id=19971]

siginfo: si_signo: 11 (SIGSEGV), si_code: 1 (SEGV_MAPERR), si_addr: 0x0000000000000008

Registers:
RAX=0x0000000000000000, RBX=0x0000700001b061f0, RCX=0x0000000000000000, RDX=0x0000000000001940
RSP=0x0000700001b06090, RBP=0x0000700001b061b0, RSI=0x0000000000000028, RDI=0x0000700001b061f0
R8 =0x0000000000000087, R9 =0x000000008fffffff, R10=0x000000008a000000, R11=0xffffffffffffffc0
R12=0x0000700001b061f0, R13=0x0000700001b06878, R14=0x0000000000000000, R15=0x0000000000000087
RIP=0x0000000106d069f3, EFLAGS=0x0000000000010206, ERR=0x0000000000000004
  TRAPNO=0x000000000000000e

Top of Stack: (sp=0x0000700001b06090)
0x0000700001b06090:   00000006c0377530 00000006c0377598
0x0000700001b060a0:   00000006c0377600 00000006c0377670
0x0000700001b060b0:   00000006c03776e0 00000006c0377750
0x0000700001b060c0:   00000006c03777c8 00000006c0377830
0x0000700001b060d0:   00000006c0377830 00000006c0377898
0x0000700001b060e0:   00000006c0377900 00000006c0377970
0x0000700001b060f0:   00000006c0158e10 00000006c01579a8
0x0000700001b06100:   00000006c03779e8 00000006c0377ac8
0x0000700001b06110:   00000006c0377bc8 00000006c0377c30
0x0000700001b06120:   00000006c0377ca0 00000006c0377d10
0x0000700001b06130:   00000006c0377d78 00000006c0377de0
0x0000700001b06140:   00000006c0377e48 00000006c0377eb0
0x0000700001b06150:   00000006c0377f18 00000006c0377f88
0x0000700001b06160:   00000006c0377ff0 00000006c0378088
0x0000700001b06170:   00000006c03780f0 00000006c0378168
0x0000700001b06180:   00000006c03781d0 00000006c0378238
0x0000700001b06190:   0000700001b061b0 943b0a65126d007b
0x0000700001b061a0:   0000700001b061f0 0000000000000000
0x0000700001b061b0:   0000700001b061e0 0000000106d06fdb
0x0000700001b061c0:   0000700001b06630 0000700001b061f0
0x0000700001b061d0:   0000000000000000 0000000000000087
0x0000700001b061e0:   0000700001b06670 0000000106a75271
0x0000700001b061f0:   0000000106ed2468 0000000000000000
0x0000700001b06200:   0000000000000000 000000060000000e
0x0000700001b06210:   0000700001b06630 0000000600000000
0x0000700001b06220:   4fffffff4fffffff 000000064fffffff
0x0000700001b06230:   00000006c0378b90 00000006c0378c08
0x0000700001b06240:   00000006c0378c80 00000006c0031b48
0x0000700001b06250:   00000006c0378ce8 00000006c0378d80
0x0000700001b06260:   00000006c0378de8 00000006c0378f28
0x0000700001b06270:   00000006c0379000 00000006c0379070
0x0000700001b06280:   00000006c03790d8 00000006c0379148 

Instructions: (pc=0x0000000106d069f3)
0x0000000106d069d3:   48 81 ec 10 01 00 00 48 89 fb 48 8b 05 64 57 14
0x0000000106d069e3:   00 48 8b 00 48 89 45 e8 48 8b 4b 08 48 63 43 10
0x0000000106d069f3:   40 38 74 01 08 74 38 40 0f be d6 48 8d 35 83 10
0x0000000106d06a03:   10 00 4c 8d b5 e0 fe ff ff 31 c0 4c 89 f7 e8 ba 

Register to memory mapping:

RAX=0x0000000000000000 is an unknown value
RBX=0x0000700001b061f0 is an unknown value
RCX=0x0000000000000000 is an unknown value
RDX=0x0000000000001940 is an unknown value
RSP=0x0000700001b06090 is an unknown value
RBP=0x0000700001b061b0 is an unknown value
RSI=0x0000000000000028 is an unknown value
RDI=0x0000700001b061f0 is an unknown value
R8 =0x0000000000000087 is an unknown value
R9 =0x000000008fffffff is an unknown value
R10=0x000000008a000000 is an unknown value
R11=0xffffffffffffffc0 is an unknown value
R12=0x0000700001b061f0 is an unknown value
R13=0x0000700001b06878 is an unknown value
R14=0x0000000000000000 is an unknown value
R15=0x0000000000000087 is an unknown value


Stack: [0x0000700001a07000,0x0000700001b07000],  sp=0x0000700001b06090,  free space=1020k
Native frames: (J=compiled Java code, j=interpreted, Vv=VM code, C=native code)
V  [libjvm.dylib+0x5069f3]
V  [libjvm.dylib+0x506fdb]
V  [libjvm.dylib+0x275271]
V  [libjvm.dylib+0x273937]
V  [libjvm.dylib+0x27353c]
V  [libjvm.dylib+0x2730e5]
V  [libjvm.dylib+0x275b5e]
V  [libjvm.dylib+0x48a47d]
V  [libjvm.dylib+0x48adc1]
V  [libjvm.dylib+0x48b970]
V  [libjvm.dylib+0x48b564]
V  [libjvm.dylib+0x2a5360]
V  [libjvm.dylib+0x454564]
V  [libjvm.dylib+0x39e2d7]
V  [libjvm.dylib+0x5a7628]
V  [libjvm.dylib+0x5a6bc2]
V  [libjvm.dylib+0x5a661e]
V  [libjvm.dylib+0x5a6452]
V  [libjvm.dylib+0x490329]
C  [libsystem_pthread.dylib+0x6950]  _pthread_start+0xe0
C  [libsystem_pthread.dylib+0x247b]  thread_start+0xf

VM_Operation (0x000070000209ba98): GetOrSetLocal, mode: safepoint, requested by thread 0x00007fd418822000


---------------  P R O C E S S  ---------------

Java Threads: ( => current thread )
  0x00007fd423f4d800 JavaThread "HikariPool-1 housekeeper" daemon [_thread_blocked, id=24067, stack(0x0000700002bc0000,0x0000700002cc0000)]
  0x00007fd423f3e800 JavaThread "mysql-cj-abandoned-connection-cleanup" daemon [_thread_blocked, id=40967, stack(0x0000700002abd000,0x0000700002bbd000)]
  0x00007fd41e840800 JavaThread "Attach Listener" daemon [_thread_blocked, id=40711, stack(0x00007000029ba000,0x0000700002aba000)]
  0x00007fd4180bb000 JavaThread "ReaderThread" [_thread_in_native, id=41475, stack(0x00007000028b7000,0x00007000029b7000)]
  0x00007fd41915b800 JavaThread "Service Thread" daemon [_thread_blocked, id=23299, stack(0x00007000026b1000,0x00007000027b1000)]
  0x00007fd418854800 JavaThread "C1 CompilerThread3" daemon [_thread_blocked, id=42243, stack(0x00007000025ae000,0x00007000026ae000)]
  0x00007fd41914b000 JavaThread "C2 CompilerThread2" daemon [_thread_blocked, id=22787, stack(0x00007000024ab000,0x00007000025ab000)]
  0x00007fd419143800 JavaThread "C2 CompilerThread1" daemon [_thread_blocked, id=22531, stack(0x00007000023a8000,0x00007000024a8000)]
  0x00007fd418820800 JavaThread "C2 CompilerThread0" daemon [_thread_blocked, id=22275, stack(0x00007000022a5000,0x00007000023a5000)]
  0x00007fd41c80a800 JavaThread "JDWP Command Reader" daemon [_thread_in_native, id=22019, stack(0x00007000021a2000,0x00007000022a2000)]
  0x00007fd41881e000 JavaThread "JDWP Event Helper Thread" daemon [_thread_blocked, id=16899, stack(0x000070000209f000,0x000070000219f000)]
  0x00007fd418822000 JavaThread "JDWP Transport Listener: dt_socket" daemon [_thread_blocked, id=16391, stack(0x0000700001f9c000,0x000070000209c000)]
  0x00007fd419010800 JavaThread "Signal Dispatcher" daemon [_thread_blocked, id=17415, stack(0x0000700001e99000,0x0000700001f99000)]
  0x00007fd41b80a800 JavaThread "Finalizer" daemon [_thread_blocked, id=13059, stack(0x0000700001c0d000,0x0000700001d0d000)]
  0x00007fd416808800 JavaThread "Reference Handler" daemon [_thread_blocked, id=19715, stack(0x0000700001b0a000,0x0000700001c0a000)]
  0x00007fd41800b000 JavaThread "main" [_thread_blocked, id=3587, stack(0x0000700000ee6000,0x0000700000fe6000)]

Other Threads:
=>0x00007fd418817000 VMThread [stack: 0x0000700001a07000,0x0000700001b07000] [id=19971]
  0x00007fd41d810800 WatcherThread [stack: 0x00007000027b4000,0x00007000028b4000] [id=41731]

VM state:at safepoint (normal execution)

VM Mutex/Monitor currently owned by a thread:  ([mutex/lock_event])
[0x00007fd417207740] Threads_lock - owner thread: 0x00007fd418817000

heap address: 0x00000006c0000000, size: 4096 MB, Compressed Oops mode: Zero based, Oop shift amount: 3
Narrow klass base: 0x0000000000000000, Narrow klass shift: 3
Compressed class space size: 1073741824 Address: 0x00000007c0000000

Heap:
 PSYoungGen      total 427520K, used 61847K [0x000000076ab00000, 0x000000078e680000, 0x00000007c0000000)
  eden space 412672K, 14% used [0x000000076ab00000,0x000000076e765c08,0x0000000783e00000)
  from space 14848K, 0% used [0x0000000783e00000,0x0000000783e00000,0x0000000784c80000)
  to   space 16896K, 0% used [0x000000078d600000,0x000000078d600000,0x000000078e680000)
 ParOldGen       total 146432K, used 23717K [0x00000006c0000000, 0x00000006c8f00000, 0x000000076ab00000)
  object space 146432K, 16% used [0x00000006c0000000,0x00000006c1729688,0x00000006c8f00000)
 Metaspace       used 57882K, capacity 61834K, committed 61912K, reserved 1101824K
  class space    used 8006K, capacity 8665K, committed 8704K, reserved 1048576K

Card table byte_map: [0x00000001079c3000,0x00000001081c4000] byte_map_base: 0x00000001043c3000

Marking Bits: (ParMarkBitMap*) 0x0000000106f28488
 Begin Bits: [0x000000011d49c000, 0x000000012149c000)
 End Bits:   [0x000000012149c000, 0x000000012549c000)

Polling page: 0x0000000100628000

CodeCache: size=245760Kb used=16405Kb max_used=16623Kb free=229354Kb
 bounds [0x000000010e49c000, 0x000000010f55c000, 0x000000011d49c000]
 total_blobs=4666 nmethods=4144 adapters=443
 compilation: enabled

Compilation events (10 events):
Event: 8.173 Thread 0x00007fd418820800 nmethod 4604 0x000000010f50cdd0 code [0x000000010f50db60, 0x000000010f51c9c8]
Event: 8.213 Thread 0x00007fd419143800 nmethod 4369 0x000000010f534190 code [0x000000010f534900, 0x000000010f544700]
Event: 93.200 Thread 0x00007fd418820800 4671   !   4       java.lang.ref.ReferenceQueue::remove (125 bytes)
Event: 93.205 Thread 0x00007fd418820800 nmethod 4671 0x000000010eba0590 code [0x000000010eba0740, 0x000000010eba0f50]
Event: 508.535 Thread 0x00007fd418854800 4672       1       sun.misc.URLClassPath$FileLoader$1::getURL (5 bytes)
Event: 508.535 Thread 0x00007fd418854800 nmethod 4672 0x000000010f1ec690 code [0x000000010f1ec7e0, 0x000000010f1ec8f0]
Event: 634.221 Thread 0x00007fd418854800 4673       3       java.util.concurrent.atomic.AtomicIntegerFieldUpdater$AtomicIntegerFieldUpdaterImpl::accessCheck (17 bytes)
Event: 634.221 Thread 0x00007fd418854800 nmethod 4673 0x000000010e67ee10 code [0x000000010e67ef80, 0x000000010e67f208]
Event: 634.222 Thread 0x00007fd418854800 4674       3       com.zaxxer.hikari.pool.PoolEntry::getState (8 bytes)
Event: 634.222 Thread 0x00007fd418854800 nmethod 4674 0x000000010e63ebd0 code [0x000000010e63ed60, 0x000000010e63f108]

GC Heap History (10 events):
Event: 3.440 GC heap before
{Heap before GC invocations=8 (full 1):
 PSYoungGen      total 245760K, used 75865K [0x000000076ab00000, 0x000000077a800000, 0x00000007c0000000)
  eden space 237056K, 28% used [0x000000076ab00000,0x000000076ec98238,0x0000000779280000)
  from space 8704K, 99% used [0x0000000779f80000,0x000000077a7fe340,0x000000077a800000)
  to   space 10240K, 0% used [0x0000000779400000,0x0000000779400000,0x0000000779e00000)
 ParOldGen       total 79872K, used 5888K [0x00000006c0000000, 0x00000006c4e00000, 0x000000076ab00000)
  object space 79872K, 7% used [0x00000006c0000000,0x00000006c05c0360,0x00000006c4e00000)
 Metaspace       used 33113K, capacity 35376K, committed 35416K, reserved 1079296K
  class space    used 4304K, capacity 4714K, committed 4736K, reserved 1048576K
Event: 3.448 GC heap after
Heap after GC invocations=8 (full 1):
 PSYoungGen      total 248832K, used 8451K [0x000000076ab00000, 0x0000000785b00000, 0x00000007c0000000)
  eden space 238592K, 0% used [0x000000076ab00000,0x000000076ab00000,0x0000000779400000)
  from space 10240K, 82% used [0x0000000779400000,0x0000000779c40cc0,0x0000000779e00000)
  to   space 10752K, 0% used [0x0000000785080000,0x0000000785080000,0x0000000785b00000)
 ParOldGen       total 79872K, used 5896K [0x00000006c0000000, 0x00000006c4e00000, 0x000000076ab00000)
  object space 79872K, 7% used [0x00000006c0000000,0x00000006c05c2360,0x00000006c4e00000)
 Metaspace       used 33113K, capacity 35376K, committed 35416K, reserved 1079296K
  class space    used 4304K, capacity 4714K, committed 4736K, reserved 1048576K
}
Event: 3.448 GC heap before
{Heap before GC invocations=9 (full 2):
 PSYoungGen      total 248832K, used 8451K [0x000000076ab00000, 0x0000000785b00000, 0x00000007c0000000)
  eden space 238592K, 0% used [0x000000076ab00000,0x000000076ab00000,0x0000000779400000)
  from space 10240K, 82% used [0x0000000779400000,0x0000000779c40cc0,0x0000000779e00000)
  to   space 10752K, 0% used [0x0000000785080000,0x0000000785080000,0x0000000785b00000)
 ParOldGen       total 79872K, used 5896K [0x00000006c0000000, 0x00000006c4e00000, 0x000000076ab00000)
  object space 79872K, 7% used [0x00000006c0000000,0x00000006c05c2360,0x00000006c4e00000)
 Metaspace       used 33113K, capacity 35376K, committed 35416K, reserved 1079296K
  class space    used 4304K, capacity 4714K, committed 4736K, reserved 1048576K
Event: 3.483 GC heap after
Heap after GC invocations=9 (full 2):
 PSYoungGen      total 248832K, used 0K [0x000000076ab00000, 0x0000000785b00000, 0x00000007c0000000)
  eden space 238592K, 0% used [0x000000076ab00000,0x000000076ab00000,0x0000000779400000)
  from space 10240K, 0% used [0x0000000779400000,0x0000000779400000,0x0000000779e00000)
  to   space 10752K, 0% used [0x0000000785080000,0x0000000785080000,0x0000000785b00000)
 ParOldGen       total 108544K, used 13106K [0x00000006c0000000, 0x00000006c6a00000, 0x000000076ab00000)
  object space 108544K, 12% used [0x00000006c0000000,0x00000006c0ccc9d8,0x00000006c6a00000)
 Metaspace       used 33113K, capacity 35376K, committed 35416K, reserved 1079296K
  class space    used 4304K, capacity 4714K, committed 4736K, reserved 1048576K
}
Event: 5.201 GC heap before
{Heap before GC invocations=10 (full 2):
 PSYoungGen      total 248832K, used 238592K [0x000000076ab00000, 0x0000000785b00000, 0x00000007c0000000)
  eden space 238592K, 100% used [0x000000076ab00000,0x0000000779400000,0x0000000779400000)
  from space 10240K, 0% used [0x0000000779400000,0x0000000779400000,0x0000000779e00000)
  to   space 10752K, 0% used [0x0000000785080000,0x0000000785080000,0x0000000785b00000)
 ParOldGen       total 108544K, used 13106K [0x00000006c0000000, 0x00000006c6a00000, 0x000000076ab00000)
  object space 108544K, 12% used [0x00000006c0000000,0x00000006c0ccc9d8,0x00000006c6a00000)
 Metaspace       used 48686K, capacity 51226K, committed 51672K, reserved 1093632K
  class space    used 6594K, capacity 7045K, committed 7168K, reserved 1048576K
Event: 5.215 GC heap after
Heap after GC invocations=10 (full 2):
 PSYoungGen      total 411136K, used 10730K [0x000000076ab00000, 0x0000000785b00000, 0x00000007c0000000)
  eden space 400384K, 0% used [0x000000076ab00000,0x000000076ab00000,0x0000000783200000)
  from space 10752K, 99% used [0x0000000785080000,0x0000000785afab68,0x0000000785b00000)
  to   space 14848K, 0% used [0x0000000783e00000,0x0000000783e00000,0x0000000784c80000)
 ParOldGen       total 108544K, used 20151K [0x00000006c0000000, 0x00000006c6a00000, 0x000000076ab00000)
  object space 108544K, 18% used [0x00000006c0000000,0x00000006c13adcb8,0x00000006c6a00000)
 Metaspace       used 48686K, capacity 51226K, committed 51672K, reserved 1093632K
  class space    used 6594K, capacity 7045K, committed 7168K, reserved 1048576K
}
Event: 6.630 GC heap before
{Heap before GC invocations=11 (full 2):
 PSYoungGen      total 411136K, used 236301K [0x000000076ab00000, 0x0000000785b00000, 0x00000007c0000000)
  eden space 400384K, 56% used [0x000000076ab00000,0x00000007787488e0,0x0000000783200000)
  from space 10752K, 99% used [0x0000000785080000,0x0000000785afab68,0x0000000785b00000)
  to   space 14848K, 0% used [0x0000000783e00000,0x0000000783e00000,0x0000000784c80000)
 ParOldGen       total 108544K, used 20151K [0x00000006c0000000, 0x00000006c6a00000, 0x000000076ab00000)
  object space 108544K, 18% used [0x00000006c0000000,0x00000006c13adcb8,0x00000006c6a00000)
 Metaspace       used 55190K, capacity 59006K, committed 59028K, reserved 1099776K
  class space    used 7558K, capacity 8173K, committed 8192K, reserved 1048576K
Event: 6.641 GC heap after
Heap after GC invocations=11 (full 2):
 PSYoungGen      total 427520K, used 14822K [0x000000076ab00000, 0x000000078e680000, 0x00000007c0000000)
  eden space 412672K, 0% used [0x000000076ab00000,0x000000076ab00000,0x0000000783e00000)
  from space 14848K, 99% used [0x0000000783e00000,0x0000000784c79a20,0x0000000784c80000)
  to   space 16896K, 0% used [0x000000078d600000,0x000000078d600000,0x000000078e680000)
 ParOldGen       total 108544K, used 20806K [0x00000006c0000000, 0x00000006c6a00000, 0x000000076ab00000)
  object space 108544K, 19% used [0x00000006c0000000,0x00000006c1451ae0,0x00000006c6a00000)
 Metaspace       used 55190K, capacity 59006K, committed 59028K, reserved 1099776K
  class space    used 7558K, capacity 8173K, committed 8192K, reserved 1048576K
}
Event: 6.641 GC heap before
{Heap before GC invocations=12 (full 3):
 PSYoungGen      total 427520K, used 14822K [0x000000076ab00000, 0x000000078e680000, 0x00000007c0000000)
  eden space 412672K, 0% used [0x000000076ab00000,0x000000076ab00000,0x0000000783e00000)
  from space 14848K, 99% used [0x0000000783e00000,0x0000000784c79a20,0x0000000784c80000)
  to   space 16896K, 0% used [0x000000078d600000,0x000000078d600000,0x000000078e680000)
 ParOldGen       total 108544K, used 20806K [0x00000006c0000000, 0x00000006c6a00000, 0x000000076ab00000)
  object space 108544K, 19% used [0x00000006c0000000,0x00000006c1451ae0,0x00000006c6a00000)
 Metaspace       used 55190K, capacity 59006K, committed 59028K, reserved 1099776K
  class space    used 7558K, capacity 8173K, committed 8192K, reserved 1048576K
Event: 6.737 GC heap after
Heap after GC invocations=12 (full 3):
 PSYoungGen      total 427520K, used 0K [0x000000076ab00000, 0x000000078e680000, 0x00000007c0000000)
  eden space 412672K, 0% used [0x000000076ab00000,0x000000076ab00000,0x0000000783e00000)
  from space 14848K, 0% used [0x0000000783e00000,0x0000000783e00000,0x0000000784c80000)
  to   space 16896K, 0% used [0x000000078d600000,0x000000078d600000,0x000000078e680000)
 ParOldGen       total 146432K, used 23717K [0x00000006c0000000, 0x00000006c8f00000, 0x000000076ab00000)
  object space 146432K, 16% used [0x00000006c0000000,0x00000006c1729688,0x00000006c8f00000)
 Metaspace       used 55190K, capacity 59006K, committed 59028K, reserved 1099776K
  class space    used 7558K, capacity 8173K, committed 8192K, reserved 1048576K
}

Deoptimization events (10 events):
Event: 16.782 Thread 0x00007fd41800b000 Uncommon trap: reason=unhandled action=none pc=0x000000010efefedc method=java.net.URLClassLoader.findClass(Ljava/lang/String;)Ljava/lang/Class; @ 44
Event: 16.783 Thread 0x00007fd41800b000 Uncommon trap: reason=unhandled action=none pc=0x000000010efefedc method=java.net.URLClassLoader.findClass(Ljava/lang/String;)Ljava/lang/Class; @ 44
Event: 16.783 Thread 0x00007fd41800b000 Uncommon trap: reason=unhandled action=none pc=0x000000010efefedc method=java.net.URLClassLoader.findClass(Ljava/lang/String;)Ljava/lang/Class; @ 44
Event: 16.784 Thread 0x00007fd41800b000 Uncommon trap: reason=unhandled action=none pc=0x000000010efefedc method=java.net.URLClassLoader.findClass(Ljava/lang/String;)Ljava/lang/Class; @ 44
Event: 16.784 Thread 0x00007fd41800b000 Uncommon trap: reason=unhandled action=none pc=0x000000010efefedc method=java.net.URLClassLoader.findClass(Ljava/lang/String;)Ljava/lang/Class; @ 44
Event: 16.785 Thread 0x00007fd41800b000 Uncommon trap: reason=unhandled action=none pc=0x000000010efefedc method=java.net.URLClassLoader.findClass(Ljava/lang/String;)Ljava/lang/Class; @ 44
Event: 16.785 Thread 0x00007fd41800b000 Uncommon trap: reason=unhandled action=none pc=0x000000010efefedc method=java.net.URLClassLoader.findClass(Ljava/lang/String;)Ljava/lang/Class; @ 44
Event: 16.785 Thread 0x00007fd41800b000 Uncommon trap: reason=unhandled action=none pc=0x000000010efefedc method=java.net.URLClassLoader.findClass(Ljava/lang/String;)Ljava/lang/Class; @ 44
Event: 16.786 Thread 0x00007fd41800b000 Uncommon trap: reason=unhandled action=none pc=0x000000010efefedc method=java.net.URLClassLoader.findClass(Ljava/lang/String;)Ljava/lang/Class; @ 44
Event: 16.786 Thread 0x00007fd41800b000 Uncommon trap: reason=unhandled action=none pc=0x000000010efefedc method=java.net.URLClassLoader.findClass(Ljava/lang/String;)Ljava/lang/Class; @ 44

Classes redefined (2 events):
Event: 86.601 Thread 0x00007fd418817000 redefined class name=com.eservice.portal.NewUserControllerTest, count=1
Event: 792.623 Thread 0x00007fd418817000 redefined class name=com.eservice.portal.NewUserControllerTest, count=2

Internal exceptions (10 events):
Event: 6.547 Thread 0x00007fd41800b000 Exception <a 'java/lang/ClassNotFoundException': org/springframework/web/multipart/MultipartResolverCustomizer> (0x0000000777868bb8) thrown at [/jenkins/workspace/8-2-build-macosx-x86_64/jdk8u281/880/hotspot/src/share/vm/classfile/systemDictionary.cpp, li
Event: 6.563 Thread 0x00007fd41800b000 Exception <a 'java/lang/ArrayIndexOutOfBoundsException': 128> (0x0000000777962e28) thrown at [/jenkins/workspace/8-2-build-macosx-x86_64/jdk8u281/880/hotspot/src/share/vm/interpreter/interpreterRuntime.cpp, line 371]
Event: 6.845 Thread 0x00007fd41800b000 Exception <a 'java/lang/ArrayIndexOutOfBoundsException': 129> (0x000000076b8defd0) thrown at [/jenkins/workspace/8-2-build-macosx-x86_64/jdk8u281/880/hotspot/src/share/vm/interpreter/interpreterRuntime.cpp, line 371]
Event: 6.885 Thread 0x00007fd41800b000 Exception <a 'java/lang/ClassNotFoundException': java/lang/Module> (0x000000076be64da8) thrown at [/jenkins/workspace/8-2-build-macosx-x86_64/jdk8u281/880/hotspot/src/share/vm/classfile/systemDictionary.cpp, line 212]
Event: 6.945 Thread 0x00007fd41800b000 Exception <a 'java/lang/ArrayIndexOutOfBoundsException': 171> (0x000000076c7d73e0) thrown at [/jenkins/workspace/8-2-build-macosx-x86_64/jdk8u281/880/hotspot/src/share/vm/interpreter/interpreterRuntime.cpp, line 371]
Event: 6.957 Thread 0x00007fd41800b000 Exception <a 'java/lang/ArrayIndexOutOfBoundsException': 180> (0x000000076c8f8718) thrown at [/jenkins/workspace/8-2-build-macosx-x86_64/jdk8u281/880/hotspot/src/share/vm/interpreter/interpreterRuntime.cpp, line 371]
Event: 7.016 Thread 0x00007fd41800b000 Exception <a 'java/lang/ClassNotFoundException': java/lang/ObjectCustomizer> (0x000000076d220338) thrown at [/jenkins/workspace/8-2-build-macosx-x86_64/jdk8u281/880/hotspot/src/share/vm/classfile/systemDictionary.cpp, line 212]
Event: 7.016 Thread 0x00007fd41800b000 Exception <a 'java/lang/ArrayIndexOutOfBoundsException': 22> (0x000000076d223670) thrown at [/jenkins/workspace/8-2-build-macosx-x86_64/jdk8u281/880/hotspot/src/share/vm/interpreter/interpreterRuntime.cpp, line 371]
Event: 7.016 Thread 0x00007fd41800b000 Exception <a 'java/lang/ClassNotFoundException': com/eservice/portal/NewUserControllerTestCustomizer> (0x000000076d241ee8) thrown at [/jenkins/workspace/8-2-build-macosx-x86_64/jdk8u281/880/hotspot/src/share/vm/classfile/systemDictionary.cpp, line 212]
Event: 22.469 Thread 0x00007fd41800b000 Exception <a 'java/lang/ArrayIndexOutOfBoundsException': 171> (0x000000076d792820) thrown at [/jenkins/workspace/8-2-build-macosx-x86_64/jdk8u281/880/hotspot/src/share/vm/interpreter/interpreterRuntime.cpp, line 371]

Events (10 events):
Event: 792.637 Executing VM operation: ChangeBreakpoints done
Event: 792.649 Executing VM operation: ChangeBreakpoints
Event: 792.650 Executing VM operation: ChangeBreakpoints done
Event: 792.661 Executing VM operation: ChangeBreakpoints
Event: 792.662 Executing VM operation: ChangeBreakpoints done
Event: 792.670 Executing VM operation: GetOwnedMonitorInfo
Event: 792.670 Executing VM operation: GetOwnedMonitorInfo done
Event: 792.670 Executing VM operation: GetCurrentContendedMonitor
Event: 792.670 Executing VM operation: GetCurrentContendedMonitor done
Event: 792.754 Executing VM operation: GetOrSetLocal


Dynamic libraries:
0x00007fff34f1f000 	/System/Library/Frameworks/Cocoa.framework/Versions/A/Cocoa
0x00007fff221da000 	/System/Library/Frameworks/Security.framework/Versions/A/Security
0x00007fff3316e000 	/System/Library/Frameworks/ApplicationServices.framework/Versions/A/ApplicationServices
0x00007fff2a447000 	/usr/lib/libz.1.dylib
0x00007fff2a50f000 	/usr/lib/libSystem.B.dylib
0x00007fff203a4000 	/System/Library/Frameworks/CoreFoundation.framework/Versions/A/CoreFoundation
0x00007fff2114e000 	/System/Library/Frameworks/Foundation.framework/Versions/C/Foundation
0x00007fff201c4000 	/usr/lib/libobjc.A.dylib
0x00007fff22bfe000 	/System/Library/Frameworks/AppKit.framework/Versions/C/AppKit
0x00007fff25a87000 	/System/Library/Frameworks/CoreData.framework/Versions/A/CoreData
0x00007fff2395b000 	/System/Library/PrivateFrameworks/UIFoundation.framework/Versions/A/UIFoundation
0x00007fff2fb51000 	/System/Library/PrivateFrameworks/RemoteViewServices.framework/Versions/A/RemoteViewServices
0x00007fff28973000 	/System/Library/PrivateFrameworks/XCTTargetBootstrap.framework/Versions/A/XCTTargetBootstrap
0x00007fff2b64e000 	/usr/lib/libspindump.dylib
0x00007fff23baf000 	/System/Library/Frameworks/UniformTypeIdentifiers.framework/Versions/A/UniformTypeIdentifiers
0x00007fff27145000 	/usr/lib/libapp_launch_measurement.dylib
0x00007fff27148000 	/System/Library/PrivateFrameworks/CoreAutoLayout.framework/Versions/A/CoreAutoLayout
0x00007fff282d4000 	/System/Library/Frameworks/Metal.framework/Versions/A/Metal
0x00007fff28fc2000 	/usr/lib/liblangid.dylib
0x00007fff28977000 	/System/Library/PrivateFrameworks/CoreSVG.framework/Versions/A/CoreSVG
0x00007fff24b96000 	/System/Library/PrivateFrameworks/SkyLight.framework/Versions/A/SkyLight
0x00007fff24ef5000 	/System/Library/Frameworks/CoreGraphics.framework/Versions/A/CoreGraphics
0x00007fff301a8000 	/System/Library/Frameworks/Accelerate.framework/Versions/A/Accelerate
0x00007fff2b089000 	/System/Library/PrivateFrameworks/IconServices.framework/Versions/A/IconServices
0x00007fff282b5000 	/System/Library/Frameworks/IOSurface.framework/Versions/A/IOSurface
0x00007fff2640f000 	/usr/lib/libDiagnosticMessagesClient.dylib
0x00007fff2895f000 	/System/Library/PrivateFrameworks/DFRFoundation.framework/Versions/A/DFRFoundation
0x00007fff2252a000 	/usr/lib/libicucore.A.dylib
0x00007fff2cb8b000 	/System/Library/Frameworks/AudioToolbox.framework/Versions/A/AudioToolbox
0x00007fff2be36000 	/System/Library/PrivateFrameworks/DataDetectorsCore.framework/Versions/A/DataDetectorsCore
0x00007fff2865f000 	/System/Library/Frameworks/Carbon.framework/Versions/A/Frameworks/HIToolbox.framework/Versions/A/HIToolbox
0x00007fff26ba8000 	/System/Library/Frameworks/QuartzCore.framework/Versions/A/QuartzCore
0x00007fff2fb8d000 	/System/Library/Frameworks/Carbon.framework/Versions/A/Frameworks/SpeechRecognition.framework/Versions/A/SpeechRecognition
0x00007fff26ead000 	/System/Library/PrivateFrameworks/CoreUI.framework/Versions/A/CoreUI
0x00007fff21b36000 	/System/Library/Frameworks/CoreAudio.framework/Versions/A/CoreAudio
0x00007fff264fa000 	/System/Library/Frameworks/DiskArbitration.framework/Versions/A/DiskArbitration
0x00007fff2ba47000 	/System/Library/PrivateFrameworks/MultitouchSupport.framework/Versions/A/MultitouchSupport
0x00007fff2be2d000 	/System/Library/PrivateFrameworks/InternationalSupport.framework/Versions/A/InternationalSupport
0x00007fff24b0a000 	/usr/lib/libenergytrace.dylib
0x00007fff22af8000 	/System/Library/Frameworks/IOKit.framework/Versions/A/IOKit
0x00007fff2feda000 	/System/Library/Frameworks/CoreServices.framework/Versions/A/CoreServices
0x00007fff270db000 	/System/Library/PrivateFrameworks/PerformanceAnalysis.framework/Versions/A/PerformanceAnalysis
0x00007fff6b3c2000 	/System/Library/Frameworks/OpenGL.framework/Versions/A/OpenGL
0x00007fff2beb2000 	/System/Library/PrivateFrameworks/UserActivity.framework/Versions/A/UserActivity
0x00007fff25589000 	/System/Library/Frameworks/ColorSync.framework/Versions/A/ColorSync
0x00007fff28bdb000 	/System/Library/Frameworks/CoreImage.framework/Versions/A/CoreImage
0x00007fff2194c000 	/System/Library/Frameworks/CoreText.framework/Versions/A/CoreText
0x00007fff289a1000 	/System/Library/Frameworks/ImageIO.framework/Versions/A/ImageIO
0x00007fff2a515000 	/System/Library/PrivateFrameworks/SoftLinking.framework/Versions/A/SoftLinking
0x00007fff27191000 	/usr/lib/libxml2.2.dylib
0x00007fff20289000 	/usr/lib/libc++.1.dylib
0x00007fff2a787000 	/usr/lib/libcompression.dylib
0x00007fff24b0b000 	/usr/lib/libMobileGestalt.dylib
0x00007fff2bd60000 	/System/Library/PrivateFrameworks/TextureIO.framework/Versions/A/TextureIO
0x00007fff2adad000 	/usr/lib/libate.dylib
0x00007fff2a509000 	/usr/lib/system/libcache.dylib
0x00007fff2a4c5000 	/usr/lib/system/libcommonCrypto.dylib
0x00007fff2a4ef000 	/usr/lib/system/libcompiler_rt.dylib
0x00007fff2a4e4000 	/usr/lib/system/libcopyfile.dylib
0x00007fff200b6000 	/usr/lib/system/libcorecrypto.dylib
0x00007fff2017f000 	/usr/lib/system/libdispatch.dylib
0x00007fff20333000 	/usr/lib/system/libdyld.dylib
0x00007fff2a500000 	/usr/lib/system/libkeymgr.dylib
0x00007fff2d93a000 	/usr/lib/system/liblaunch.dylib
0x00007fff2a4a3000 	/usr/lib/system/libmacho.dylib
0x00007fff29cbe000 	/usr/lib/system/libquarantine.dylib
0x00007fff2a4fd000 	/usr/lib/system/libremovefile.dylib
0x00007fff24b67000 	/usr/lib/system/libsystem_asl.dylib
0x00007fff20066000 	/usr/lib/system/libsystem_blocks.dylib
0x00007fff20200000 	/usr/lib/system/libsystem_c.dylib
0x00007fff2a4f7000 	/usr/lib/system/libsystem_collections.dylib
0x00007fff28fb3000 	/usr/lib/system/libsystem_configuration.dylib
0x00007fff282a4000 	/usr/lib/system/libsystem_containermanager.dylib
0x00007fff2a23f000 	/usr/lib/system/libsystem_coreservices.dylib
0x00007fff2278c000 	/usr/lib/system/libsystem_darwin.dylib
0x00007fff2a501000 	/usr/lib/system/libsystem_dnssd.dylib
0x00007fff201fd000 	/usr/lib/system/libsystem_featureflags.dylib
0x00007fff20378000 	/usr/lib/system/libsystem_info.dylib
0x00007fff2a45a000 	/usr/lib/system/libsystem_m.dylib
0x00007fff20152000 	/usr/lib/system/libsystem_malloc.dylib
0x00007fff24afb000 	/usr/lib/system/libsystem_networkextension.dylib
0x00007fff22ba6000 	/usr/lib/system/libsystem_notify.dylib
0x00007fff2fdd8000 	/usr/lib/system/libsystem_product_info_filter.dylib
0x00007fff28fb7000 	/usr/lib/system/libsystem_sandbox.dylib
0x00007fff2a4fa000 	/usr/lib/system/libsystem_secinit.dylib
0x00007fff202f8000 	/usr/lib/system/libsystem_kernel.dylib
0x00007fff2036e000 	/usr/lib/system/libsystem_platform.dylib
0x00007fff20327000 	/usr/lib/system/libsystem_pthread.dylib
0x00007fff2625d000 	/usr/lib/system/libsystem_symptoms.dylib
0x00007fff2009e000 	/usr/lib/system/libsystem_trace.dylib
0x00007fff2a4d1000 	/usr/lib/system/libunwind.dylib
0x00007fff20068000 	/usr/lib/system/libxpc.dylib
0x00007fff202df000 	/usr/lib/libc++abi.dylib
0x00007fff2a4dc000 	/usr/lib/liboah.dylib
0x00007fff2ab92000 	/usr/lib/liblzma.5.dylib
0x00007fff20e64000 	/System/Library/Frameworks/SystemConfiguration.framework/Versions/A/SystemConfiguration
0x00007fff2a511000 	/usr/lib/libfakelink.dylib
0x00007fff2465d000 	/System/Library/Frameworks/CFNetwork.framework/Versions/A/CFNetwork
0x00007fff2a651000 	/usr/lib/libarchive.2.dylib
0x00007fff20ee1000 	/usr/lib/libCRFSuite.dylib
0x00007fff29ce5000 	/usr/lib/libbsm.0.dylib
0x00007fff24019000 	/usr/lib/libnetwork.dylib
0x00007fff2a516000 	/usr/lib/libpcap.A.dylib
0x00007fff26256000 	/usr/lib/libdns_services.dylib
0x00007fff2abab000 	/usr/lib/libcoretls_cfhelpers.dylib
0x00007fff2a755000 	/usr/lib/libapple_nghttp2.dylib
0x00007fff2a4a9000 	/usr/lib/system/libkxld.dylib
0x00007fff25ebc000 	/usr/lib/libsqlite3.dylib
0x00007fff2a221000 	/System/Library/PrivateFrameworks/AppleFSCompression.framework/Versions/A/AppleFSCompression
0x00007fff29ccd000 	/usr/lib/libcoretls.dylib
0x00007fff2a782000 	/usr/lib/libpam.2.dylib
0x00007fff2aca8000 	/usr/lib/libxar.1.dylib
0x00007fff28fbe000 	/System/Library/PrivateFrameworks/AppleSystemInfo.framework/Versions/A/AppleSystemInfo
0x00007fff29910000 	/System/Library/PrivateFrameworks/IOMobileFramebuffer.framework/Versions/A/IOMobileFramebuffer
0x00007fff2a231000 	/usr/lib/libbz2.1.0.dylib
0x00007fff2a54e000 	/usr/lib/libiconv.2.dylib
0x00007fff2a4a2000 	/usr/lib/libcharset.1.dylib
0x00007fff27117000 	/System/Library/Frameworks/CoreServices.framework/Versions/A/Frameworks/FSEvents.framework/Versions/A/FSEvents
0x00007fff22796000 	/System/Library/Frameworks/CoreServices.framework/Versions/A/Frameworks/CarbonCore.framework/Versions/A/CarbonCore
0x00007fff2645f000 	/System/Library/Frameworks/CoreServices.framework/Versions/A/Frameworks/Metadata.framework/Versions/A/Metadata
0x00007fff2a244000 	/System/Library/Frameworks/CoreServices.framework/Versions/A/Frameworks/OSServices.framework/Versions/A/OSServices
0x00007fff2a6c3000 	/System/Library/Frameworks/CoreServices.framework/Versions/A/Frameworks/SearchKit.framework/Versions/A/SearchKit
0x00007fff261e0000 	/System/Library/Frameworks/CoreServices.framework/Versions/A/Frameworks/AE.framework/Versions/A/AE
0x00007fff20840000 	/System/Library/Frameworks/CoreServices.framework/Versions/A/Frameworks/LaunchServices.framework/Versions/A/LaunchServices
0x00007fff2ab43000 	/System/Library/Frameworks/CoreServices.framework/Versions/A/Frameworks/DictionaryServices.framework/Versions/A/DictionaryServices
0x00007fff27120000 	/System/Library/Frameworks/CoreServices.framework/Versions/A/Frameworks/SharedFileList.framework/Versions/A/SharedFileList
0x00007fff29cc1000 	/usr/lib/libCheckFix.dylib
0x00007fff24b7e000 	/System/Library/PrivateFrameworks/TCC.framework/Versions/A/TCC
0x00007fff28fc4000 	/System/Library/PrivateFrameworks/CoreNLP.framework/Versions/A/CoreNLP
0x00007fff26412000 	/System/Library/PrivateFrameworks/MetadataUtilities.framework/Versions/A/MetadataUtilities
0x00007fff20f17000 	/usr/lib/libmecabra.dylib
0x00007fff29fd4000 	/System/Library/Frameworks/MLCompute.framework/Versions/A/MLCompute
0x00007fff29cf6000 	/usr/lib/libmecab.dylib
0x00007fff29d40000 	/usr/lib/libgermantok.dylib
0x00007fff2a72b000 	/usr/lib/libThaiTokenizer.dylib
0x00007fff2ace3000 	/usr/lib/libChineseTokenizer.dylib
0x00007fff2a780000 	/System/Library/Frameworks/MetalPerformanceShaders.framework/Versions/A/MetalPerformanceShaders
0x00007fff26501000 	/System/Library/Frameworks/Accelerate.framework/Versions/A/Frameworks/vImage.framework/Versions/A/vImage
0x00007fff2feb3000 	/System/Library/Frameworks/Accelerate.framework/Versions/A/Frameworks/vecLib.framework/Versions/A/vecLib
0x00007fff2acee000 	/System/Library/Frameworks/Accelerate.framework/Versions/A/Frameworks/vecLib.framework/Versions/A/libvMisc.dylib
0x00007fff29729000 	/System/Library/Frameworks/Accelerate.framework/Versions/A/Frameworks/vecLib.framework/Versions/A/libvDSP.dylib
0x00007fff20b43000 	/System/Library/Frameworks/Accelerate.framework/Versions/A/Frameworks/vecLib.framework/Versions/A/libBLAS.dylib
0x00007fff2a7a6000 	/System/Library/Frameworks/Accelerate.framework/Versions/A/Frameworks/vecLib.framework/Versions/A/libLAPACK.dylib
0x00007fff29d46000 	/System/Library/Frameworks/Accelerate.framework/Versions/A/Frameworks/vecLib.framework/Versions/A/libLinearAlgebra.dylib
0x00007fff2a76d000 	/System/Library/Frameworks/Accelerate.framework/Versions/A/Frameworks/vecLib.framework/Versions/A/libSparseBLAS.dylib
0x00007fff2a7a0000 	/System/Library/Frameworks/Accelerate.framework/Versions/A/Frameworks/vecLib.framework/Versions/A/libQuadrature.dylib
0x00007fff2906c000 	/System/Library/Frameworks/Accelerate.framework/Versions/A/Frameworks/vecLib.framework/Versions/A/libBNNS.dylib
0x00007fff20df5000 	/System/Library/Frameworks/Accelerate.framework/Versions/A/Frameworks/vecLib.framework/Versions/A/libSparse.dylib
0x00007fff28f57000 	/System/Library/Frameworks/MetalPerformanceShaders.framework/Versions/A/Frameworks/MPSCore.framework/Versions/A/MPSCore
0x00007fff2a190000 	/System/Library/Frameworks/MetalPerformanceShaders.framework/Versions/A/Frameworks/MPSImage.framework/Versions/A/MPSImage
0x00007fff29d5c000 	/System/Library/Frameworks/MetalPerformanceShaders.framework/Versions/A/Frameworks/MPSNeuralNetwork.framework/Versions/A/MPSNeuralNetwork
0x00007fff2a11b000 	/System/Library/Frameworks/MetalPerformanceShaders.framework/Versions/A/Frameworks/MPSMatrix.framework/Versions/A/MPSMatrix
0x00007fff29f84000 	/System/Library/Frameworks/MetalPerformanceShaders.framework/Versions/A/Frameworks/MPSRayIntersector.framework/Versions/A/MPSRayIntersector
0x00007fff2a152000 	/System/Library/Frameworks/MetalPerformanceShaders.framework/Versions/A/Frameworks/MPSNDArray.framework/Versions/A/MPSNDArray
0x00007fff20a6f000 	/System/Library/PrivateFrameworks/MetalTools.framework/Versions/A/MetalTools
0x00007fff28fbc000 	/System/Library/PrivateFrameworks/AggregateDictionary.framework/Versions/A/AggregateDictionary
0x00007fff263ea000 	/System/Library/PrivateFrameworks/CoreAnalytics.framework/Versions/A/CoreAnalytics
0x00007fff2a72d000 	/System/Library/PrivateFrameworks/AppleSauce.framework/Versions/A/AppleSauce
0x00007fff282c7000 	/System/Library/PrivateFrameworks/IOAccelerator.framework/Versions/A/IOAccelerator
0x00007fff6b3b6000 	/System/Library/Frameworks/OpenGL.framework/Versions/A/Libraries/libCoreFSCache.dylib
0x00007fff214b2000 	/System/Library/PrivateFrameworks/LanguageModeling.framework/Versions/A/LanguageModeling
0x00007fff298fd000 	/System/Library/PrivateFrameworks/CoreEmoji.framework/Versions/A/CoreEmoji
0x00007fff29065000 	/System/Library/PrivateFrameworks/LinguisticData.framework/Versions/A/LinguisticData
0x00007fff20da7000 	/System/Library/PrivateFrameworks/Lexicon.framework/Versions/A/Lexicon
0x00007fff2a63f000 	/usr/lib/libcmph.dylib
0x00007fff270f7000 	/System/Library/Frameworks/OpenDirectory.framework/Versions/A/Frameworks/CFOpenDirectory.framework/Versions/A/CFOpenDirectory
0x00007fff270e7000 	/System/Library/Frameworks/OpenDirectory.framework/Versions/A/OpenDirectory
0x00007fff2abad000 	/System/Library/PrivateFrameworks/APFS.framework/Versions/A/APFS
0x00007fff29c22000 	/System/Library/Frameworks/SecurityFoundation.framework/Versions/A/SecurityFoundation
0x00007fff2acb6000 	/usr/lib/libutil.dylib
0x00007fff22abd000 	/System/Library/PrivateFrameworks/CoreServicesStore.framework/Versions/A/CoreServicesStore
0x00007fff29cb9000 	/System/Library/Frameworks/ServiceManagement.framework/Versions/A/ServiceManagement
0x00007fff2acba000 	/usr/lib/libxslt.1.dylib
0x00007fff29caf000 	/System/Library/PrivateFrameworks/BackgroundTaskManagement.framework/Versions/A/BackgroundTaskManagement
0x00007fff2bcaa000 	/System/Library/Frameworks/ImageIO.framework/Versions/A/Resources/libRadiance.dylib
0x00007fff2bcb4000 	/System/Library/Frameworks/ImageIO.framework/Versions/A/Resources/libJPEG.dylib
0x00007fff2bc01000 	/System/Library/Frameworks/ImageIO.framework/Versions/A/Resources/libPng.dylib
0x00007fff2bc28000 	/System/Library/Frameworks/ImageIO.framework/Versions/A/Resources/libTIFF.dylib
0x00007fff2bd09000 	/System/Library/Frameworks/ImageIO.framework/Versions/A/Resources/libGIF.dylib
0x00007fff2b964000 	/System/Library/Frameworks/ImageIO.framework/Versions/A/Resources/libJP2.dylib
0x00007fff2b050000 	/usr/lib/libexpat.1.dylib
0x00007fff2b91a000 	/System/Library/PrivateFrameworks/AppleJPEG.framework/Versions/A/AppleJPEG
0x00007fff28502000 	/System/Library/PrivateFrameworks/FontServices.framework/libFontParser.dylib
0x00007fff26194000 	/System/Library/PrivateFrameworks/RunningBoardServices.framework/Versions/A/RunningBoardServices
0x00007fff2ba43000 	/System/Library/PrivateFrameworks/WatchdogClient.framework/Versions/A/WatchdogClient
0x00007fff2159f000 	/System/Library/Frameworks/CoreDisplay.framework/Versions/A/CoreDisplay
0x00007fff28417000 	/System/Library/Frameworks/CoreMedia.framework/Versions/A/CoreMedia
0x00007fff27274000 	/System/Library/Frameworks/CoreVideo.framework/Versions/A/CoreVideo
0x00007fff2ba7b000 	/System/Library/Frameworks/VideoToolbox.framework/Versions/A/VideoToolbox
0x00007fff26112000 	/System/Library/PrivateFrameworks/BaseBoard.framework/Versions/A/BaseBoard
0x00007fff2b195000 	/System/Library/PrivateFrameworks/PersistentConnection.framework/Versions/A/PersistentConnection
0x00007fff25ea5000 	/System/Library/PrivateFrameworks/ProtocolBuffer.framework/Versions/A/ProtocolBuffer
0x00007fff260f9000 	/System/Library/PrivateFrameworks/CommonUtilities.framework/Versions/A/CommonUtilities
0x00007fff2b8af000 	/System/Library/PrivateFrameworks/Bom.framework/Versions/A/Bom
0x00007fff2bca3000 	/System/Library/PrivateFrameworks/GPUWrangler.framework/Versions/A/GPUWrangler
0x00007fff2bc86000 	/System/Library/PrivateFrameworks/IOPresentment.framework/Versions/A/IOPresentment
0x00007fff2bcae000 	/System/Library/PrivateFrameworks/DSExternalDisplay.framework/Versions/A/DSExternalDisplay
0x00007fff2bd0e000 	/System/Library/PrivateFrameworks/CMCaptureCore.framework/Versions/A/CMCaptureCore
0x00007fff2b635000 	/System/Library/PrivateFrameworks/AppServerSupport.framework/Versions/A/AppServerSupport
0x00007fff2d6db000 	/System/Library/PrivateFrameworks/perfdata.framework/Versions/A/perfdata
0x00007fff29c11000 	/System/Library/PrivateFrameworks/AssertionServices.framework/Versions/A/AssertionServices
0x00007fff216d6000 	/System/Library/PrivateFrameworks/AudioToolboxCore.framework/Versions/A/AudioToolboxCore
0x00007fff283fa000 	/System/Library/PrivateFrameworks/caulk.framework/Versions/A/caulk
0x00007fff3c975000 	/System/Library/PrivateFrameworks/SystemPolicy.framework/Versions/A/SystemPolicy
0x00007fff2ae46000 	/usr/lib/libIOReport.dylib
0x00007fff2cefd000 	/usr/lib/libSMC.dylib
0x00007fff2bbce000 	/usr/lib/libAudioToolboxUtility.dylib
0x00007fff3d2da000 	/usr/lib/libmis.dylib
0x00007fff6b412000 	/System/Library/Frameworks/OpenGL.framework/Versions/A/Libraries/libGLU.dylib
0x00007fff6b3d5000 	/System/Library/Frameworks/OpenGL.framework/Versions/A/Libraries/libGFXShared.dylib
0x00007fff6b5e4000 	/System/Library/Frameworks/OpenGL.framework/Versions/A/Libraries/libGL.dylib
0x00007fff6b3de000 	/System/Library/Frameworks/OpenGL.framework/Versions/A/Libraries/libGLImage.dylib
0x00007fff6b3d2000 	/System/Library/Frameworks/OpenGL.framework/Versions/A/Libraries/libCVMSPluginSupport.dylib
0x00007fff6b3bd000 	/System/Library/Frameworks/OpenGL.framework/Versions/A/Libraries/libCoreVMClient.dylib
0x00007fff6ca25000 	/System/Library/Frameworks/OpenCL.framework/Versions/A/OpenCL
0x00007fff2b1bf000 	/System/Library/PrivateFrameworks/GraphVisualizer.framework/Versions/A/GraphVisualizer
0x00007fff2b1ce000 	/System/Library/PrivateFrameworks/FaceCore.framework/Versions/A/FaceCore
0x00007fff2b5ea000 	/System/Library/PrivateFrameworks/OTSVG.framework/Versions/A/OTSVG
0x00007fff26e6b000 	/System/Library/Frameworks/ApplicationServices.framework/Versions/A/Frameworks/ATS.framework/Versions/A/Resources/libFontRegistry.dylib
0x00007fff2b63c000 	/System/Library/PrivateFrameworks/FontServices.framework/libhvf.dylib
0x00007fff2affc000 	/System/Library/PrivateFrameworks/AppleVA.framework/Versions/A/AppleVA
0x00007fff2cd46000 	/System/Library/Frameworks/ApplicationServices.framework/Versions/A/Frameworks/ATS.framework/Versions/A/ATS
0x00007fff2d058000 	/System/Library/Frameworks/ApplicationServices.framework/Versions/A/Frameworks/ColorSyncLegacy.framework/Versions/A/ColorSyncLegacy
0x00007fff25680000 	/System/Library/Frameworks/ApplicationServices.framework/Versions/A/Frameworks/HIServices.framework/Versions/A/HIServices
0x00007fff2d03d000 	/System/Library/Frameworks/ApplicationServices.framework/Versions/A/Frameworks/LangAnalysis.framework/Versions/A/LangAnalysis
0x00007fff2bd18000 	/System/Library/Frameworks/ApplicationServices.framework/Versions/A/Frameworks/PrintCore.framework/Versions/A/PrintCore
0x00007fff2d060000 	/System/Library/Frameworks/ApplicationServices.framework/Versions/A/Frameworks/QD.framework/Versions/A/QD
0x00007fff2cd36000 	/System/Library/Frameworks/ApplicationServices.framework/Versions/A/Frameworks/SpeechSynthesis.framework/Versions/A/SpeechSynthesis
0x00007fff2bcd9000 	/System/Library/Frameworks/ApplicationServices.framework/Versions/A/Frameworks/ATSUI.framework/Versions/A/ATSUI
0x00007fff2cfdd000 	/usr/lib/libcups.2.dylib
0x00007fff2d04d000 	/System/Library/PrivateFrameworks/NetAuth.framework/Versions/A/NetAuth
0x00007fff2d6f7000 	/System/Library/Frameworks/Kerberos.framework/Versions/A/Kerberos
0x00007fff2d707000 	/System/Library/Frameworks/GSS.framework/Versions/A/GSS
0x00007fff2cdb2000 	/usr/lib/libresolv.9.dylib
0x00007fff2b651000 	/System/Library/PrivateFrameworks/Heimdal.framework/Versions/A/Heimdal
0x00007fff3346e000 	/System/Library/Frameworks/Kerberos.framework/Versions/A/Libraries/libHeimdalProxy.dylib
0x00007fff26265000 	/System/Library/Frameworks/Network.framework/Versions/A/Network
0x00007fff2b06a000 	/usr/lib/libheimdal-asn1.dylib
0x00007fff2d757000 	/System/Library/PrivateFrameworks/CommonAuth.framework/Versions/A/CommonAuth
0x00007fff272c1000 	/System/Library/PrivateFrameworks/login.framework/Versions/A/Frameworks/loginsupport.framework/Versions/A/loginsupport
0x00007fff2ccbb000 	/System/Library/PrivateFrameworks/AudioSession.framework/Versions/A/AudioSession
0x00007fff2cd23000 	/usr/lib/libAudioStatistics.dylib
0x00007fff2b0f7000 	/System/Library/PrivateFrameworks/MediaExperience.framework/Versions/A/MediaExperience
0x00007fff2cb59000 	/System/Library/PrivateFrameworks/AudioSession.framework/libSessionUtility.dylib
0x00007fff2d6e8000 	/usr/lib/libperfcheck.dylib
0x00007fff2d06c000 	/System/Library/PrivateFrameworks/AudioResourceArbitration.framework/Versions/A/AudioResourceArbitration
0x00007fff2b074000 	/System/Library/PrivateFrameworks/IconFoundation.framework/Versions/A/IconFoundation
0x00007fff2fb7d000 	/System/Library/PrivateFrameworks/SpeechRecognitionCore.framework/Versions/A/SpeechRecognitionCore
0x0000000106800000 	/Library/Internet Plug-Ins/JavaAppletPlugin.plugin/Contents/Home/lib/server/libjvm.dylib
0x00000001005e4000 	/Library/Internet Plug-Ins/JavaAppletPlugin.plugin/Contents/Home/lib/libverify.dylib
0x00000001005f5000 	/Library/Internet Plug-Ins/JavaAppletPlugin.plugin/Contents/Home/lib/libjava.dylib
0x0000000100629000 	/Library/Internet Plug-Ins/JavaAppletPlugin.plugin/Contents/Home/lib/libjdwp.dylib
0x0000000100673000 	/Library/Internet Plug-Ins/JavaAppletPlugin.plugin/Contents/Home/lib/libnpt.dylib
0x000000010067c000 	/Library/Internet Plug-Ins/JavaAppletPlugin.plugin/Contents/Home/lib/libinstrument.dylib
0x00000001006eb000 	/Library/Internet Plug-Ins/JavaAppletPlugin.plugin/Contents/Home/lib/libzip.dylib
0x0000000100769000 	/Library/Internet Plug-Ins/JavaAppletPlugin.plugin/Contents/Home/lib/libdt_socket.dylib
0x000000010b96d000 	/Library/Internet Plug-Ins/JavaAppletPlugin.plugin/Contents/Home/lib/libnet.dylib
0x000000010bf87000 	/Library/Internet Plug-Ins/JavaAppletPlugin.plugin/Contents/Home/lib/libnio.dylib
0x000000010c399000 	/Library/Internet Plug-Ins/JavaAppletPlugin.plugin/Contents/Home/lib/libmanagement.dylib
0x000000010d5ac000 	/Library/Internet Plug-Ins/JavaAppletPlugin.plugin/Contents/Home/lib/libsunec.dylib

VM Arguments:
jvm_args: -agentlib:jdwp=transport=dt_socket,suspend=y,address=localhost:57356 -ea -javaagent:/Applications/SpringToolSuite4.app/Contents/Eclipse/configuration/org.eclipse.osgi/245/0/.cp/lib/javaagent-shaded.jar -Dfile.encoding=UTF-8 
java_command: org.eclipse.jdt.internal.junit.runner.RemoteTestRunner -version 3 -port 57355 -testLoaderClass org.eclipse.jdt.internal.junit5.runner.JUnit5TestLoader -loaderpluginname org.eclipse.jdt.junit5.runtime -classNames com.eservice.portal.NewUserControllerTest
java_class_path (initial): /Users/sonukumar/Downloads/eService-portal/target/test-classes:/Users/sonukumar/Downloads/eService-portal/target/classes:/Applications/SpringToolSuite4.app/Contents/Eclipse/plugins/org.junit_4.13.0.v20200204-1500.jar:/Applications/SpringToolSuite4.app/Contents/Eclipse/plugins/org.hamcrest.core_1.3.0.v20180420-1519.jar:/Users/sonukumar/.m2/repository/org/springframework/boot/spring-boot-starter-data-jpa/2.4.3/spring-boot-starter-data-jpa-2.4.3.jar:/Users/sonukumar/.m2/repository/org/springframework/boot/spring-boot-starter-aop/2.4.3/spring-boot-starter-aop-2.4.3.jar:/Users/sonukumar/.m2/repository/org/springframework/spring-aop/5.3.4/spring-aop-5.3.4.jar:/Users/sonukumar/.m2/repository/org/aspectj/aspectjweaver/1.9.6/aspectjweaver-1.9.6.jar:/Users/sonukumar/.m2/repository/org/springframework/boot/spring-boot-starter-jdbc/2.4.3/spring-boot-starter-jdbc-2.4.3.jar:/Users/sonukumar/.m2/repository/com/zaxxer/HikariCP/3.4.5/HikariCP-3.4.5.jar:/Users/sonukumar/.m2/repository/org/springframework/spring-jdbc/5.3.4/spring-jdbc-5.3.4.jar:/Users/sonukumar/.m2/repository/jakarta/transaction/jakarta.transaction-api/1.3.3/jakarta.transaction-api-1.3.3.jar:/Users/sonukumar/.m2/repository/jakarta/persistence/jakarta.persistence-api/2.2.3/jakarta.persistence-api-2.2.3.jar:/Users/sonukumar/.m2/repository/org/hibernate/hibernate-core/5.4.28.Final/hibernate-core-5.4.28.Final.jar:/Users/sonukumar/.m2/repository/org/jboss/logging/jboss-logging/3.4.1.Final/jboss-logging-3.4.1.Final.jar:/Users/sonukumar/.m2/repository/org/javassist/javassist/3.27.0-GA/javassist-3.27.0-GA.jar:/Users/sonukumar/.m2/repository/net/bytebuddy/byte-buddy/1.10.20/byte-buddy-1.10.20.jar:/Users/sonukumar/.m2/repository/antlr/antlr/2.7.7/antlr-2.7.7.jar:/Users/sonukumar/.m2/repository/org/jboss/jandex/2.2.3.Final/jandex-2.2.3.Final.jar:/Users/sonukumar/.m2/repository/com/fasterxml/classmate/1.5.1/classmate-1.5.1.jar:/Users/sonukumar/.m2/repository/org/dom4j/dom4j/2.1.3/dom4j-2.1.3.jar:/User
Launcher Type: SUN_STANDARD

Environment Variables:
PATH=/usr/bin:/bin:/usr/sbin:/sbin
SHELL=/bin/zsh

Signal Handlers:
SIGSEGV: [libjvm.dylib+0x5a1f9b], sa_mask[0]=11111111011111110111111111111111, sa_flags=SA_ONSTACK|SA_RESTART|SA_SIGINFO
SIGBUS: [libjvm.dylib+0x5a1f9b], sa_mask[0]=11111111011111110111111111111111, sa_flags=SA_RESTART|SA_SIGINFO
SIGFPE: [libjvm.dylib+0x492701], sa_mask[0]=11111111011111110111111111111111, sa_flags=SA_RESTART|SA_SIGINFO
SIGPIPE: [libjvm.dylib+0x492701], sa_mask[0]=11111111011111110111111111111111, sa_flags=SA_RESTART|SA_SIGINFO
SIGXFSZ: [libjvm.dylib+0x492701], sa_mask[0]=11111111011111110111111111111111, sa_flags=SA_RESTART|SA_SIGINFO
SIGILL: [libjvm.dylib+0x492701], sa_mask[0]=11111111011111110111111111111111, sa_flags=SA_RESTART|SA_SIGINFO
SIGUSR1: SIG_DFL, sa_mask[0]=00000000000000000000000000000000, sa_flags=none
SIGUSR2: [libjvm.dylib+0x492ffa], sa_mask[0]=00100000000000000000000000000000, sa_flags=SA_RESTART|SA_SIGINFO
SIGHUP: [libjvm.dylib+0x491209], sa_mask[0]=11111111011111110111111111111111, sa_flags=SA_RESTART|SA_SIGINFO
SIGINT: [libjvm.dylib+0x491209], sa_mask[0]=11111111011111110111111111111111, sa_flags=SA_RESTART|SA_SIGINFO
SIGTERM: [libjvm.dylib+0x491209], sa_mask[0]=11111111011111110111111111111111, sa_flags=SA_RESTART|SA_SIGINFO
SIGQUIT: [libjvm.dylib+0x491209], sa_mask[0]=11111111011111110111111111111111, sa_flags=SA_RESTART|SA_SIGINFO


---------------  S Y S T E M  ---------------

OS:Bsduname:Darwin 20.1.0 Darwin Kernel Version 20.1.0: Sat Oct 31 00:07:11 PDT 2020; root:xnu-7195.50.7~2/RELEASE_X86_64 x86_64
rlimit: STACK 8192k, CORE 0k, NPROC 2784, NOFILE 10240, AS infinity
load average:3.75 3.54 3.69

CPU:total 12 (initial active 12) (6 cores per cpu, 2 threads per core) family 6 model 158 stepping 10, cmov, cx8, fxsr, mmx, sse, sse2, sse3, ssse3, sse4.1, sse4.2, popcnt, avx, avx2, aes, clmul, erms, 3dnowpref, lzcnt, ht, tsc, tscinvbit, bmi1, bmi2, adx

Memory: 4k page, physical 16777216k(506420k free)

/proc/meminfo:


vm_info: Java HotSpot(TM) 64-Bit Server VM (25.281-b09) for bsd-amd64 JRE (1.8.0_281-b09), built on Dec  9 2020 12:44:49 by "java_re" with gcc 4.2.1 Compatible Apple LLVM 10.0.0 (clang-1000.11.45.5)

time: Fri Mar  5 14:55:43 2021
timezone: +04
elapsed time: 792.783941 seconds (0d 0h 13m 12s)

